<?xml version="1.0" encoding="UTF-8"?>
<testng-results ignored="0" total="5" passed="5" failed="0" skipped="0">
  <reporter-output>
  </reporter-output>
  <suite started-at="2023-06-12T23:15:16 BST" name="Test01_GET" finished-at="2023-06-12T23:15:24 BST" duration-ms="8544">
    <groups>
    </groups>
    <test started-at="2023-06-12T23:15:16 BST" name="Command line test" finished-at="2023-06-12T23:15:24 BST" duration-ms="8544">
      <class name="Test01_GET">
        <test-method is-config="true" signature="setup()[pri:0, instance:Test01_GET@3c46e67a]" started-at="2023-06-12T23:15:16 BST" name="setup" finished-at="2023-06-12T23:15:16 BST" duration-ms="344" status="PASS">
          <reporter-output>
          </reporter-output>
        </test-method> <!-- setup -->
        <test-method signature="getRequestToTestResponseCode()[pri:0, instance:Test01_GET@3c46e67a]" started-at="2023-06-12T23:15:16 BST" name="getRequestToTestResponseCode" finished-at="2023-06-12T23:15:22 BST" duration-ms="6196" status="PASS">
          <reporter-output>
          </reporter-output>
        </test-method> <!-- getRequestToTestResponseCode -->
        <test-method is-config="true" signature="setup()[pri:0, instance:Test01_GET@3c46e67a]" started-at="2023-06-12T23:15:22 BST" name="setup" finished-at="2023-06-12T23:15:22 BST" duration-ms="0" status="PASS">
          <reporter-output>
          </reporter-output>
        </test-method> <!-- setup -->
        <test-method signature="getRequestToTestResponseCode_differentMethod()[pri:0, instance:Test01_GET@3c46e67a]" started-at="2023-06-12T23:15:22 BST" name="getRequestToTestResponseCode_differentMethod" finished-at="2023-06-12T23:15:22 BST" duration-ms="235" status="PASS">
          <reporter-output>
          </reporter-output>
        </test-method> <!-- getRequestToTestResponseCode_differentMethod -->
        <test-method is-config="true" signature="setup()[pri:0, instance:Test01_GET@3c46e67a]" started-at="2023-06-12T23:15:22 BST" name="setup" finished-at="2023-06-12T23:15:22 BST" duration-ms="0" status="PASS">
          <reporter-output>
          </reporter-output>
        </test-method> <!-- setup -->
        <test-method signature="requestToExtractResponsePlace()[pri:0, instance:Test01_GET@3c46e67a]" started-at="2023-06-12T23:15:22 BST" name="requestToExtractResponsePlace" finished-at="2023-06-12T23:15:23 BST" duration-ms="942" status="PASS">
          <reporter-output>
          </reporter-output>
        </test-method> <!-- requestToExtractResponsePlace -->
        <test-method is-config="true" signature="setup()[pri:0, instance:Test01_GET@3c46e67a]" started-at="2023-06-12T23:15:23 BST" name="setup" finished-at="2023-06-12T23:15:23 BST" duration-ms="1" status="PASS">
          <reporter-output>
          </reporter-output>
        </test-method> <!-- setup -->
        <test-method signature="requestToVerifyState()[pri:0, instance:Test01_GET@3c46e67a]" started-at="2023-06-12T23:15:23 BST" name="requestToVerifyState" finished-at="2023-06-12T23:15:24 BST" duration-ms="242" status="PASS">
          <reporter-output>
          </reporter-output>
        </test-method> <!-- requestToVerifyState -->
        <test-method is-config="true" signature="setup()[pri:0, instance:Test01_GET@3c46e67a]" started-at="2023-06-12T23:15:24 BST" name="setup" finished-at="2023-06-12T23:15:24 BST" duration-ms="0" status="PASS">
          <reporter-output>
          </reporter-output>
        </test-method> <!-- setup -->
        <test-method signature="requestToVerifyTheList()[pri:0, instance:Test01_GET@3c46e67a]" started-at="2023-06-12T23:15:24 BST" name="requestToVerifyTheList" finished-at="2023-06-12T23:15:24 BST" duration-ms="470" status="PASS">
          <reporter-output>
          </reporter-output>
        </test-method> <!-- requestToVerifyTheList -->
      </class> <!-- Test01_GET -->
    </test> <!-- Command line test -->
  </suite> <!-- Test01_GET -->
</testng-results>
