<?xml version="1.0" encoding="UTF-8" ?>
<testsuite tests="5" failures="0" name="Test01_GET" time="2.824" errors="0" skipped="0">
  <properties>
[...]
</properties>
  <testcase classname="Test01_GET" name="getRequestToTestResponseCode" time="1.18"/>
  <testcase classname="Test01_GET" name="getRequestToTestResponseCode_differentMethod" time="0.195"/>
  <testcase classname="Test01_GET" name="requestToExtractResponsePlace" time="0.809"/>
  <testcase classname="Test01_GET" name="requestToVerifyState" time="0.244"/>
  <testcase classname="Test01_GET" name="requestToVerifyTheList" time="0.396"/>
</testsuite>