<?xml version="1.0" encoding="UTF-8"?>
<!-- Generated by org.testng.reporters.JUnitXMLReporter -->
<testsuite ignored="0" hostname="Parveens-MacBook-Pro.local" failures="0" tests="5" name="Command line test" time="8.544" errors="0" timestamp="2023-06-12T23:15:24 BST">
  <testcase classname="Test01_GET" name="getRequestToTestResponseCode" time="6.196"/>
  <testcase classname="Test01_GET" name="getRequestToTestResponseCode_differentMethod" time="0.235"/>
  <testcase classname="Test01_GET" name="requestToExtractResponsePlace" time="0.942"/>
  <testcase classname="Test01_GET" name="requestToVerifyState" time="0.242"/>
  <testcase classname="Test01_GET" name="requestToVerifyTheList" time="0.47"/>
</testsuite> <!-- Command line test -->
